<?xml version="1.0" encoding="UTF-8"?>
<!-- Generated by org.testng.reporters.JUnitXMLReporter -->
<testsuite hostname="DESKTOP-12R2NN5" ignored="6" name="Test" tests="7" failures="0" timestamp="26 Jul 2017 05:11:52 GMT" time="65.455" errors="0">
  <testcase name="testPaisaLoginPageCheck" time="0.106" classname="com.paisa.script.PaisaLoginPageCheck"/>
  <testcase name="testPaisaLoginButtonPresent" time="0.371" classname="com.paisa.script.PaisaLoginModulePresent"/>
  <testcase name="testPaisaLoginPopup" time="0.677" classname="com.paisa.script.PaisaLoginPopup"/>
  <testcase name="testPaisaLoginEmailEnable" time="0.12" classname="com.paisa.script.PaisaLoginEmailEnable"/>
  <testcase name="testPaisaLoginPasswordEnable" time="0.16" classname="com.paisa.script.PaisaLoginPasswordEnable"/>
  <testcase name="testPaisaLoginButtonPresent" time="0.229" classname="com.paisa.script.PaisaLoginButtonPresent"/>
  <testcase name="testPaisaLoginButtonEnable" time="0.297" classname="com.paisa.script.PaisaLoginButtonEnable"/>
  <testcase name="@BeforeTest browserSet" time="0.0" classname="com.paisa.help.SupportScript">
    <ignored/>
  </testcase> <!-- @BeforeTest browserSet -->
  <testcase name="@BeforeTest browserSet" time="0.0" classname="com.paisa.help.SupportScript">
    <ignored/>
  </testcase> <!-- @BeforeTest browserSet -->
  <testcase name="@BeforeTest browserSet" time="0.0" classname="com.paisa.help.SupportScript">
    <ignored/>
  </testcase> <!-- @BeforeTest browserSet -->
  <testcase name="@BeforeTest browserSet" time="0.0" classname="com.paisa.help.SupportScript">
    <ignored/>
  </testcase> <!-- @BeforeTest browserSet -->
  <testcase name="@BeforeTest browserSet" time="0.0" classname="com.paisa.help.SupportScript">
    <ignored/>
  </testcase> <!-- @BeforeTest browserSet -->
  <testcase name="@BeforeTest browserSet" time="0.0" classname="com.paisa.help.SupportScript">
    <ignored/>
  </testcase> <!-- @BeforeTest browserSet -->
</testsuite> <!-- Test -->
